\BOOKMARK [0][-]{dummy.1}{\376\377\000D\000e\000c\000l\000a\000r\000a\000t\000i\000o\000n\000\040\000o\000f\000\040\000A\000u\000t\000h\000o\000r\000s\000h\000i\000p}{}% 1
\BOOKMARK [0][-]{dummy.2}{\376\377\000A\000b\000s\000t\000r\000a\000c\000t}{}% 2
\BOOKMARK [0][-]{dummy.4}{\376\377\000L\000i\000s\000t\000\040\000o\000f\000\040\000F\000i\000g\000u\000r\000e\000s}{}% 3
\BOOKMARK [0][-]{dummy.6}{\376\377\000L\000i\000s\000t\000\040\000o\000f\000\040\000T\000a\000b\000l\000e\000s}{}% 4
\BOOKMARK [0][-]{dummy.8}{\376\377\000A\000b\000b\000r\000e\000v\000i\000a\000t\000i\000o\000n\000s}{}% 5
\BOOKMARK [0][-]{chapter.11}{\376\377\0001\000\040\000I\000n\000t\000r\000o\000d\000u\000c\000t\000i\000o\000n}{}% 6
\BOOKMARK [1][-]{section.12}{\376\377\0001\000.\0001\000\040\000M\000o\000t\000i\000v\000a\000t\000i\000o\000n}{chapter.11}% 7
\BOOKMARK [1][-]{section.13}{\376\377\0001\000.\0002\000\040\000O\000b\000j\000e\000c\000t\000i\000v\000e\000s}{chapter.11}% 8
\BOOKMARK [1][-]{section.14}{\376\377\0001\000.\0003\000\040\000C\000o\000n\000t\000r\000i\000b\000u\000t\000i\000o\000n}{chapter.11}% 9
\BOOKMARK [1][-]{section.15}{\376\377\0001\000.\0004\000\040\000N\000o\000m\000e\000n\000c\000l\000a\000t\000u\000r\000e}{chapter.11}% 10
\BOOKMARK [2][-]{subsection.16}{\376\377\0001\000.\0004\000.\0001\000\040\000N\000a\000m\000i\000n\000g\000\040\000C\000o\000n\000v\000e\000n\000t\000i\000o\000n\000s}{section.15}% 11
\BOOKMARK [2][-]{subsection.17}{\376\377\0001\000.\0004\000.\0002\000\040\000N\000e\000w\000\040\000N\000o\000m\000e\000n\000c\000l\000a\000t\000u\000r\000e}{section.15}% 12
\BOOKMARK [1][-]{section.18}{\376\377\0001\000.\0005\000\040\000S\000t\000r\000u\000c\000t\000u\000r\000e}{chapter.11}% 13
\BOOKMARK [0][-]{chapter.19}{\376\377\0002\000\040\000B\000a\000c\000k\000g\000r\000o\000u\000n\000d}{}% 14
\BOOKMARK [1][-]{section.20}{\376\377\0002\000.\0001\000\040\000R\000e\000l\000a\000t\000e\000d\000\040\000W\000o\000r\000k}{chapter.19}% 15
\BOOKMARK [1][-]{section.24}{\376\377\0002\000.\0002\000\040\000G\000a\000u\000s\000s\000i\000a\000n\000\040\000P\000r\000o\000c\000e\000s\000s\000e\000s}{chapter.19}% 16
\BOOKMARK [2][-]{subsection.25}{\376\377\0002\000.\0002\000.\0001\000\040\000B\000a\000y\000e\000s\000i\000a\000n\000\040\000M\000o\000d\000e\000l\000i\000n\000g\000\040\000w\000i\000t\000h\000\040\000G\000a\000u\000s\000s\000i\000a\000n\000\040\000P\000r\000o\000c\000e\000s\000s\000e\000s}{section.24}% 17
\BOOKMARK [2][-]{subsection.30}{\376\377\0002\000.\0002\000.\0002\000\040\000K\000e\000r\000n\000e\000l\000\040\000F\000u\000n\000c\000t\000i\000o\000n\000s}{section.24}% 18
\BOOKMARK [3][-]{subsubsection.31}{\376\377\0002\000.\0002\000.\0002\000.\0001\000\040\000S\000t\000a\000t\000i\000o\000n\000a\000r\000y\000\040\000K\000e\000r\000n\000e\000l\000s}{subsection.30}% 19
\BOOKMARK [3][-]{subsubsection.36}{\376\377\0002\000.\0002\000.\0002\000.\0002\000\040\000N\000o\000n\000-\000S\000t\000a\000t\000i\000o\000n\000a\000r\000y\000\040\000K\000e\000r\000n\000e\000l\000s}{subsection.30}% 20
\BOOKMARK [2][-]{subsection.40}{\376\377\0002\000.\0002\000.\0003\000\040\000R\000e\000g\000r\000e\000s\000s\000i\000o\000n}{section.24}% 21
\BOOKMARK [3][-]{subsubsection.45}{\376\377\0002\000.\0002\000.\0003\000.\0001\000\040\000H\000y\000p\000e\000r\000p\000a\000r\000a\000m\000e\000t\000e\000r\000\040\000L\000e\000a\000r\000n\000i\000n\000g}{subsection.40}% 22
\BOOKMARK [3][-]{subsubsection.47}{\376\377\0002\000.\0002\000.\0003\000.\0002\000\040\000S\000a\000m\000p\000l\000i\000n\000g\000\040\000f\000r\000o\000m\000\040\000a\000\040\000G\000a\000u\000s\000s\000i\000a\000n\000\040\000P\000r\000o\000c\000e\000s\000s}{subsection.40}% 23
\BOOKMARK [2][-]{subsection.48}{\376\377\0002\000.\0002\000.\0004\000\040\000C\000l\000a\000s\000s\000i\000f\000i\000c\000a\000t\000i\000o\000n}{section.24}% 24
\BOOKMARK [3][-]{subsubsection.49}{\376\377\0002\000.\0002\000.\0004\000.\0001\000\040\000R\000e\000s\000p\000o\000n\000s\000e\000\040\000F\000u\000n\000c\000t\000i\000o\000n\000s}{subsection.48}% 25
\BOOKMARK [3][-]{subsubsection.52}{\376\377\0002\000.\0002\000.\0004\000.\0002\000\040\000B\000i\000n\000a\000r\000y\000\040\000C\000l\000a\000s\000s\000i\000f\000i\000c\000a\000t\000i\000o\000n}{subsection.48}% 26
\BOOKMARK [3][-]{subsubsection.54}{\376\377\0002\000.\0002\000.\0004\000.\0003\000\040\000L\000a\000p\000l\000a\000c\000e\000\040\000A\000p\000p\000r\000o\000x\000i\000m\000a\000t\000i\000o\000n}{subsection.48}% 27
\BOOKMARK [3][-]{subsubsection.55}{\376\377\0002\000.\0002\000.\0004\000.\0004\000\040\000P\000r\000o\000b\000a\000b\000i\000l\000i\000s\000t\000i\000c\000\040\000L\000e\000a\000s\000t\000\040\000S\000q\000u\000a\000r\000e\000s}{subsection.48}% 28
\BOOKMARK [3][-]{subsubsection.56}{\376\377\0002\000.\0002\000.\0004\000.\0005\000\040\000M\000u\000l\000t\000i\000c\000l\000a\000s\000s\000\040\000C\000l\000a\000s\000s\000i\000f\000i\000c\000a\000t\000i\000o\000n\000:\000\040\000O\000n\000e\000\040\000v\000.\000s\000.\000\040\000A\000l\000l}{subsection.48}% 29
\BOOKMARK [3][-]{subsubsection.57}{\376\377\0002\000.\0002\000.\0004\000.\0006\000\040\000M\000u\000l\000t\000i\000c\000l\000a\000s\000s\000\040\000C\000l\000a\000s\000s\000i\000f\000i\000c\000a\000t\000i\000o\000n\000:\000\040\000A\000l\000l\000\040\000v\000.\000s\000.\000\040\000A\000l\000l}{subsection.48}% 30
\BOOKMARK [3][-]{subsubsection.58}{\376\377\0002\000.\0002\000.\0004\000.\0007\000\040\000F\000u\000s\000i\000o\000n\000\040\000o\000f\000\040\000P\000r\000e\000d\000i\000c\000t\000i\000o\000n\000\040\000P\000r\000o\000b\000a\000b\000i\000l\000i\000t\000y}{subsection.48}% 31
\BOOKMARK [3][-]{subsubsection.59}{\376\377\0002\000.\0002\000.\0004\000.\0008\000\040\000E\000n\000t\000r\000o\000p\000y}{subsection.48}% 32
\BOOKMARK [3][-]{subsubsection.62}{\376\377\0002\000.\0002\000.\0004\000.\0009\000\040\000S\000a\000m\000p\000l\000i\000n\000g\000\040\000f\000r\000o\000m\000\040\000a\000\040\000G\000a\000u\000s\000s\000i\000a\000n\000\040\000P\000r\000o\000c\000e\000s\000s\000\040\000f\000o\000r\000\040\000C\000l\000a\000s\000s\000i\000f\000i\000e\000r\000s}{subsection.48}% 33
\BOOKMARK [1][-]{section.63}{\376\377\0002\000.\0003\000\040\000A\000c\000t\000i\000v\000e\000\040\000S\000a\000m\000p\000l\000i\000n\000g}{chapter.19}% 34
\BOOKMARK [2][-]{subsection.64}{\376\377\0002\000.\0003\000.\0001\000\040\000S\000t\000a\000t\000i\000c\000\040\000A\000c\000t\000i\000v\000e\000\040\000S\000a\000m\000p\000l\000i\000n\000g}{section.63}% 35
\BOOKMARK [2][-]{subsection.65}{\376\377\0002\000.\0003\000.\0002\000\040\000D\000y\000n\000a\000m\000i\000c\000\040\000A\000c\000t\000i\000v\000e\000\040\000S\000a\000m\000p\000l\000i\000n\000g}{section.63}% 36
\BOOKMARK [1][-]{section.66}{\376\377\0002\000.\0004\000\040\000I\000n\000f\000o\000r\000m\000a\000t\000i\000v\000e\000\040\000P\000a\000t\000h\000\040\000P\000l\000a\000n\000n\000i\000n\000g}{chapter.19}% 37
\BOOKMARK [2][-]{subsection.68}{\376\377\0002\000.\0004\000.\0001\000\040\000M\000y\000o\000p\000i\000c\000\040\000a\000n\000d\000\040\000N\000o\000n\000-\000m\000y\000o\000p\000i\000c\000\040\000P\000l\000a\000n\000n\000i\000n\000g}{section.66}% 38
\BOOKMARK [2][-]{subsection.69}{\376\377\0002\000.\0004\000.\0002\000\040\000A\000d\000v\000a\000n\000t\000a\000g\000e\000s\000\040\000o\000f\000\040\000G\000a\000u\000s\000s\000i\000a\000n\000\040\000P\000r\000o\000c\000e\000s\000s\000\040\000M\000o\000d\000e\000l\000s}{section.66}% 39
\BOOKMARK [0][-]{chapter.70}{\376\377\0003\000\040\000B\000e\000n\000t\000h\000i\000c\000\040\000H\000a\000b\000i\000t\000a\000t\000\040\000M\000a\000p\000p\000i\000n\000g}{}% 40
\BOOKMARK [1][-]{section.71}{\376\377\0003\000.\0001\000\040\000G\000a\000u\000s\000s\000i\000a\000n\000\040\000P\000r\000o\000c\000e\000s\000s\000\040\000C\000l\000a\000s\000s\000i\000f\000i\000e\000r\000s\000\040\000f\000o\000r\000\040\000B\000e\000n\000t\000h\000i\000c\000\040\000H\000a\000b\000i\000t\000a\000t\000\040\000M\000a\000p\000p\000i\000n\000g}{chapter.70}% 41
\BOOKMARK [1][-]{section.72}{\376\377\0003\000.\0002\000\040\000B\000e\000n\000t\000h\000i\000c\000\040\000H\000a\000b\000i\000t\000a\000t\000\040\000M\000o\000d\000e\000l\000i\000n\000g}{chapter.70}% 42
\BOOKMARK [2][-]{subsection.75}{\376\377\0003\000.\0002\000.\0001\000\040\000D\000a\000t\000a\000\040\000M\000a\000t\000c\000h\000i\000n\000g}{section.72}% 43
\BOOKMARK [2][-]{subsection.77}{\376\377\0003\000.\0002\000.\0002\000\040\000F\000e\000a\000t\000u\000r\000e\000\040\000E\000x\000t\000r\000a\000c\000t\000i\000o\000n}{section.72}% 44
\BOOKMARK [1][-]{section.79}{\376\377\0003\000.\0003\000\040\000G\000P\000\040\000C\000l\000a\000s\000s\000i\000f\000i\000c\000a\000t\000i\000o\000n\000\040\000w\000i\000t\000h\000\040\000L\000a\000p\000l\000a\000c\000e\000\040\000A\000p\000p\000r\000o\000x\000i\000m\000a\000t\000i\000o\000n}{chapter.70}% 45
\BOOKMARK [2][-]{subsection.80}{\376\377\0003\000.\0003\000.\0001\000\040\000T\000h\000e\000o\000r\000y}{section.79}% 46
\BOOKMARK [2][-]{subsection.81}{\376\377\0003\000.\0003\000.\0002\000\040\000I\000m\000p\000l\000e\000m\000e\000n\000t\000a\000t\000i\000o\000n}{section.79}% 47
\BOOKMARK [2][-]{subsection.82}{\376\377\0003\000.\0003\000.\0003\000\040\000R\000e\000s\000u\000l\000t\000s}{section.79}% 48
\BOOKMARK [1][-]{section.83}{\376\377\0003\000.\0004\000\040\000G\000P\000\040\000C\000l\000a\000s\000s\000i\000f\000i\000c\000a\000t\000i\000o\000n\000\040\000w\000i\000t\000h\000\040\000P\000r\000o\000b\000a\000b\000i\000l\000i\000s\000t\000i\000c\000\040\000L\000e\000a\000s\000t\000\040\000S\000q\000u\000a\000r\000e\000s\000\040\000A\000p\000p\000r\000o\000x\000i\000m\000a\000t\000i\000o\000n}{chapter.70}% 49
\BOOKMARK [2][-]{subsection.84}{\376\377\0003\000.\0004\000.\0001\000\040\000T\000h\000e\000o\000r\000y}{section.83}% 50
\BOOKMARK [2][-]{subsection.85}{\376\377\0003\000.\0004\000.\0002\000\040\000I\000m\000p\000l\000e\000m\000e\000n\000t\000a\000t\000i\000o\000n}{section.83}% 51
\BOOKMARK [2][-]{subsection.86}{\376\377\0003\000.\0004\000.\0003\000\040\000R\000e\000s\000u\000l\000t\000s}{section.83}% 52
\BOOKMARK [1][-]{section.87}{\376\377\0003\000.\0005\000\040\000D\000r\000a\000w\000i\000n\000g\000\040\000f\000r\000o\000m\000\040\000G\000a\000u\000s\000s\000i\000a\000n\000\040\000P\000r\000o\000c\000e\000s\000s\000\040\000C\000l\000a\000s\000s\000i\000f\000i\000e\000r\000s}{chapter.70}% 53
\BOOKMARK [2][-]{subsection.88}{\376\377\0003\000.\0005\000.\0001\000\040\000T\000h\000e\000o\000r\000y}{section.87}% 54
\BOOKMARK [2][-]{subsection.89}{\376\377\0003\000.\0005\000.\0002\000\040\000I\000m\000p\000l\000e\000m\000e\000n\000t\000a\000t\000i\000o\000n}{section.87}% 55
\BOOKMARK [2][-]{subsection.90}{\376\377\0003\000.\0005\000.\0003\000\040\000R\000e\000s\000u\000l\000t\000s}{section.87}% 56
\BOOKMARK [1][-]{section.91}{\376\377\0003\000.\0006\000\040\000L\000a\000p\000l\000a\000c\000e\000\040\000A\000p\000p\000r\000o\000x\000i\000m\000a\000t\000i\000o\000n\000\040\000a\000n\000d\000\040\000P\000r\000o\000b\000a\000b\000i\000l\000i\000s\000t\000i\000c\000\040\000L\000e\000a\000s\000t\000\040\000S\000q\000u\000a\000r\000e\000s}{chapter.70}% 57
\BOOKMARK [1][-]{section.92}{\376\377\0003\000.\0007\000\040\000T\000h\000e\000\040\000O\000n\000e\000\040\000V\000e\000r\000s\000u\000s\000\040\000A\000l\000l\000\040\000F\000r\000a\000m\000e\000w\000o\000r\000k}{chapter.70}% 58
\BOOKMARK [1][-]{section.93}{\376\377\0003\000.\0008\000\040\000T\000h\000e\000\040\000A\000l\000l\000\040\000V\000e\000r\000s\000u\000s\000\040\000A\000l\000l\000\040\000F\000r\000a\000m\000e\000w\000o\000r\000k}{chapter.70}% 59
\BOOKMARK [1][-]{section.94}{\376\377\0003\000.\0009\000\040\000P\000r\000o\000p\000e\000r\000t\000i\000e\000s\000\040\000a\000n\000d\000\040\000P\000e\000r\000f\000o\000r\000m\000a\000n\000c\000e\000\040\000o\000f\000\040\000O\000V\000A\000\040\000a\000n\000d\000\040\000A\000V\000A\000\040\000C\000l\000a\000s\000s\000i\000f\000i\000e\000r\000s}{chapter.70}% 60
\BOOKMARK [1][-]{section.95}{\376\377\0003\000.\0001\0000\000\040\000P\000r\000o\000b\000a\000b\000i\000l\000i\000t\000y\000\040\000F\000u\000s\000i\000o\000n\000\040\000M\000e\000t\000h\000o\000d\000s}{chapter.70}% 61
\BOOKMARK [2][-]{subsection.96}{\376\377\0003\000.\0001\0000\000.\0001\000\040\000N\000o\000r\000m\000a\000l\000i\000s\000a\000t\000i\000o\000n\000\040\000M\000e\000t\000h\000o\000d}{section.95}% 62
\BOOKMARK [2][-]{subsection.97}{\376\377\0003\000.\0001\0000\000.\0002\000\040\000M\000o\000d\000e\000\040\000K\000e\000e\000p\000i\000n\000g}{section.95}% 63
\BOOKMARK [2][-]{subsection.98}{\376\377\0003\000.\0001\0000\000.\0003\000\040\000E\000x\000c\000l\000u\000s\000i\000o\000n}{section.95}% 64
\BOOKMARK [1][-]{section.99}{\376\377\0003\000.\0001\0001\000\040\000M\000a\000p\000p\000i\000n\000g\000\040\000S\000c\000o\000t\000t\000\040\000R\000e\000e\000f\000\040\000B\000e\000n\000t\000h\000i\000c\000\040\000H\000a\000b\000i\000t\000a\000t\000s}{chapter.70}% 65
\BOOKMARK [2][-]{subsection.100}{\376\377\0003\000.\0001\0001\000.\0001\000\040\000P\000r\000o\000b\000l\000e\000m\000s\000\040\000a\000n\000d\000\040\000S\000o\000l\000u\000t\000i\000o\000n\000s\000\040\000t\000o\000\040\000B\000i\000g\000\040\000D\000a\000t\000a\000\040\000A\000n\000a\000l\000y\000s\000i\000s}{section.99}% 66
\BOOKMARK [2][-]{subsection.101}{\376\377\0003\000.\0001\0001\000.\0002\000\040\000F\000e\000a\000t\000u\000r\000e\000\040\000E\000x\000t\000r\000a\000c\000t\000i\000o\000n}{section.99}% 67
\BOOKMARK [2][-]{subsection.102}{\376\377\0003\000.\0001\0001\000.\0003\000\040\000C\000a\000s\000e\000\040\000w\000i\000t\000h\000\040\0004\000\040\000L\000a\000b\000e\000l\000s}{section.99}% 68
\BOOKMARK [2][-]{subsection.103}{\376\377\0003\000.\0001\0001\000.\0004\000\040\000C\000a\000s\000e\000\040\000w\000i\000t\000h\000\040\0001\0007\000\040\000L\000a\000b\000e\000l\000s}{section.99}% 69
\BOOKMARK [0][-]{chapter.104}{\376\377\0004\000\040\000I\000n\000f\000o\000r\000m\000a\000t\000i\000v\000e\000\040\000S\000e\000a\000f\000l\000o\000o\000r\000\040\000E\000x\000p\000l\000o\000r\000a\000t\000i\000o\000n}{}% 70
\BOOKMARK [1][-]{section.105}{\376\377\0004\000.\0001\000\040\000M\000u\000t\000u\000a\000l\000\040\000I\000n\000f\000o\000r\000m\000a\000t\000i\000o\000n}{chapter.104}% 71
\BOOKMARK [1][-]{section.106}{\376\377\0004\000.\0002\000\040\000M\000o\000n\000t\000e\000\040\000C\000a\000r\000l\000o\000\040\000E\000s\000t\000i\000m\000a\000t\000e\000d\000\040\000J\000o\000i\000n\000t\000\040\000P\000r\000e\000d\000i\000c\000t\000i\000v\000e\000\040\000I\000n\000f\000o\000r\000m\000a\000t\000i\000o\000n\000\040\000E\000n\000t\000r\000o\000p\000y}{chapter.104}% 72
\BOOKMARK [2][-]{subsection.107}{\376\377\0004\000.\0002\000.\0001\000\040\000B\000i\000n\000a\000r\000y\000\040\000C\000l\000a\000s\000s\000i\000f\000i\000c\000a\000t\000i\000o\000n}{section.106}% 73
\BOOKMARK [2][-]{subsection.108}{\376\377\0004\000.\0002\000.\0002\000\040\000M\000u\000l\000t\000i\000c\000l\000a\000s\000s\000\040\000C\000l\000a\000s\000s\000i\000f\000i\000c\000a\000t\000i\000o\000n}{section.106}% 74
\BOOKMARK [1][-]{section.109}{\376\377\0004\000.\0003\000\040\000L\000i\000n\000e\000a\000r\000i\000s\000e\000d\000\040\000M\000o\000d\000e\000l\000\040\000D\000i\000f\000f\000e\000r\000e\000n\000t\000i\000a\000l\000\040\000E\000n\000t\000r\000o\000p\000y}{chapter.104}% 75
\BOOKMARK [2][-]{subsection.110}{\376\377\0004\000.\0003\000.\0001\000\040\000B\000i\000n\000a\000r\000y\000\040\000C\000l\000a\000s\000s\000i\000f\000i\000c\000a\000t\000i\000o\000n}{section.109}% 76
\BOOKMARK [3][-]{subsubsection.115}{\376\377\0004\000.\0003\000.\0001\000.\0001\000\040\000D\000e\000r\000i\000v\000a\000t\000i\000o\000n}{subsection.110}% 77
\BOOKMARK [2][-]{subsection.120}{\376\377\0004\000.\0003\000.\0002\000\040\000M\000u\000l\000t\000i\000c\000l\000a\000s\000s\000\040\000C\000l\000a\000s\000s\000i\000f\000i\000c\000a\000t\000i\000o\000n}{section.109}% 78
\BOOKMARK [3][-]{subsubsection.122}{\376\377\0004\000.\0003\000.\0002\000.\0001\000\040\000D\000e\000r\000i\000v\000a\000t\000i\000o\000n}{subsection.120}% 79
\BOOKMARK [2][-]{subsection.130}{\376\377\0004\000.\0003\000.\0003\000\040\000I\000n\000t\000e\000r\000p\000r\000e\000t\000a\000t\000i\000o\000n\000\040\000o\000f\000\040\000M\000o\000d\000e\000l\000\040\000D\000i\000f\000f\000e\000r\000e\000n\000t\000i\000a\000l\000\040\000E\000n\000t\000r\000o\000p\000y}{section.109}% 80
\BOOKMARK [1][-]{section.133}{\376\377\0004\000.\0004\000\040\000T\000h\000e\000\040\000R\000e\000c\000e\000d\000i\000n\000g\000\040\000H\000o\000r\000i\000z\000o\000n\000\040\000F\000o\000r\000m\000u\000l\000a\000t\000i\000o\000n}{chapter.104}% 81
\BOOKMARK [2][-]{subsection.135}{\376\377\0004\000.\0004\000.\0001\000\040\000F\000o\000r\000m\000u\000l\000a\000t\000i\000o\000n\000\040\000a\000n\000d\000\040\000S\000t\000r\000u\000c\000t\000u\000r\000e}{section.133}% 82
\BOOKMARK [2][-]{subsection.137}{\376\377\0004\000.\0004\000.\0002\000\040\000I\000m\000p\000l\000e\000m\000e\000n\000t\000a\000t\000i\000o\000n}{section.133}% 83
\BOOKMARK [2][-]{subsection.138}{\376\377\0004\000.\0004\000.\0003\000\040\000C\000o\000m\000p\000u\000t\000a\000t\000i\000o\000n\000a\000l\000\040\000A\000s\000p\000e\000c\000t\000s\000:\000\040\000O\000p\000t\000i\000m\000i\000s\000a\000t\000i\000o\000n\000\040\000P\000r\000o\000c\000e\000s\000s\000\040\000a\000n\000d\000\040\000B\000o\000t\000t\000l\000e\000n\000e\000c\000k\000s}{section.133}% 84
\BOOKMARK [2][-]{subsection.139}{\376\377\0004\000.\0004\000.\0004\000\040\000C\000o\000m\000p\000u\000t\000a\000t\000i\000o\000n\000a\000l\000\040\000A\000s\000p\000e\000c\000t\000s\000:\000\040\000M\000o\000d\000e\000l\000\040\000U\000p\000d\000a\000t\000e}{section.133}% 85
\BOOKMARK [1][-]{section.140}{\376\377\0004\000.\0005\000\040\000I\000n\000f\000o\000r\000m\000a\000t\000i\000v\000e\000\040\000E\000x\000p\000l\000o\000r\000a\000t\000i\000o\000n\000\040\000o\000v\000e\000r\000\040\000S\000c\000o\000t\000t\000\040\000R\000e\000e\000f\000\040\000S\000e\000a\000f\000l\000o\000o\000r}{chapter.104}% 86
\BOOKMARK [2][-]{subsection.141}{\376\377\0004\000.\0005\000.\0001\000\040\000G\000r\000o\000u\000n\000d\000\040\000T\000r\000u\000t\000h\000\040\000G\000e\000n\000e\000r\000a\000t\000i\000o\000n}{section.140}% 87
\BOOKMARK [2][-]{subsection.142}{\376\377\0004\000.\0005\000.\0002\000\040\000P\000r\000a\000c\000t\000i\000c\000a\000l\000\040\000C\000o\000n\000s\000i\000d\000e\000r\000a\000t\000i\000o\000n\000s}{section.140}% 88
\BOOKMARK [2][-]{subsection.143}{\376\377\0004\000.\0005\000.\0003\000\040\000E\000n\000t\000r\000o\000p\000y\000\040\000a\000n\000d\000\040\000P\000r\000e\000d\000i\000c\000t\000i\000o\000n\000\040\000M\000a\000p\000s}{section.140}% 89
\BOOKMARK [2][-]{subsection.144}{\376\377\0004\000.\0005\000.\0004\000\040\000P\000e\000r\000f\000o\000r\000m\000a\000n\000c\000e\000\040\000A\000s\000s\000e\000s\000s\000m\000e\000n\000t}{section.140}% 90
\BOOKMARK [0][-]{chapter.145}{\376\377\0005\000\040\000C\000o\000n\000c\000l\000u\000s\000i\000o\000n\000\040\000a\000n\000d\000\040\000F\000u\000t\000u\000r\000e\000\040\000W\000o\000r\000k}{}% 91
\BOOKMARK [0][-]{appendix.146}{\376\377\000A\000\040\000C\000o\000m\000p\000u\000t\000a\000t\000i\000o\000n\000a\000l\000\040\000A\000s\000p\000e\000c\000t\000s\000\040\000o\000f\000\040\000G\000a\000u\000s\000s\000i\000a\000n\000\040\000P\000r\000o\000c\000e\000s\000s\000e\000s}{}% 92
\BOOKMARK [1][-]{section.147}{\376\377\000A\000.\0001\000\040\000N\000u\000m\000e\000r\000i\000c\000a\000l\000\040\000S\000t\000a\000b\000i\000l\000i\000t\000y}{appendix.146}% 93
\BOOKMARK [2][-]{subsection.148}{\376\377\000A\000.\0001\000.\0001\000\040\000C\000h\000o\000l\000e\000s\000k\000y\000\040\000D\000e\000c\000o\000m\000p\000o\000s\000i\000t\000i\000o\000n}{section.147}% 94
\BOOKMARK [2][-]{subsection.149}{\376\377\000A\000.\0001\000.\0002\000\040\000S\000o\000l\000v\000i\000n\000g\000\040\000T\000r\000i\000a\000n\000g\000u\000l\000a\000r\000\040\000M\000a\000t\000r\000i\000x\000\040\000E\000q\000u\000a\000t\000i\000o\000n\000s}{section.147}% 95
\BOOKMARK [2][-]{subsection.150}{\376\377\000A\000.\0001\000.\0003\000\040\000C\000h\000o\000l\000e\000s\000k\000y\000\040\000J\000i\000t\000t\000e\000r\000i\000n\000g}{section.147}% 96
\BOOKMARK [1][-]{section.151}{\376\377\000A\000.\0002\000\040\000T\000i\000m\000e\000\040\000C\000o\000m\000p\000l\000e\000x\000i\000t\000y}{appendix.146}% 97
\BOOKMARK [2][-]{subsection.152}{\376\377\000A\000.\0002\000.\0001\000\040\000N\000u\000m\000p\000y\000\040\000a\000n\000d\000\040\000V\000e\000c\000t\000o\000r\000i\000s\000a\000t\000i\000o\000n}{section.151}% 98
\BOOKMARK [2][-]{subsection.153}{\376\377\000A\000.\0002\000.\0002\000\040\000C\000h\000o\000l\000e\000s\000k\000y\000\040\000U\000p\000d\000a\000t\000e\000\040\000a\000n\000d\000\040\000D\000o\000w\000n\000d\000a\000t\000e}{section.151}% 99
\BOOKMARK [2][-]{subsection.154}{\376\377\000A\000.\0002\000.\0003\000\040\000C\000a\000c\000h\000i\000n\000g\000\040\000l\000e\000a\000r\000n\000e\000d\000\040\000G\000P\000s\000\040\000f\000o\000r\000\040\000f\000a\000s\000t\000\040\000p\000r\000e\000d\000i\000c\000t\000i\000o\000n}{section.151}% 100
\BOOKMARK [2][-]{subsection.155}{\376\377\000A\000.\0002\000.\0004\000\040\000P\000a\000r\000a\000l\000l\000e\000l\000i\000s\000a\000t\000i\000o\000n\000\040\000o\000f\000\040\000G\000P\000\040\000l\000e\000a\000r\000n\000i\000n\000g\000\040\000a\000n\000d\000\040\000h\000y\000p\000e\000r\000-\000p\000a\000r\000a\000m\000e\000t\000e\000r\000\040\000b\000a\000t\000c\000h\000i\000n\000g}{section.151}% 101
\BOOKMARK [2][-]{subsection.156}{\376\377\000A\000.\0002\000.\0005\000\040\000P\000a\000r\000a\000l\000l\000e\000l\000i\000s\000a\000t\000i\000o\000n\000\040\000o\000f\000\040\000G\000P\000\040\000p\000r\000e\000d\000i\000c\000t\000i\000o\000n\000\040\000a\000n\000d\000\040\000r\000e\000l\000e\000v\000a\000n\000t\000\040\000s\000u\000b\000t\000l\000e\000t\000i\000e\000s}{section.151}% 102
\BOOKMARK [2][-]{subsection.157}{\376\377\000A\000.\0002\000.\0006\000\040\000F\000a\000s\000t\000\040\000v\000e\000c\000t\000o\000r\000i\000s\000e\000d\000\040\000G\000P\000\040\000d\000r\000a\000w\000i\000n\000g\000\040\000f\000o\000r\000\040\000r\000e\000g\000r\000e\000s\000s\000i\000o\000n\000\040\000a\000n\000d\000\040\000c\000l\000a\000s\000s\000i\000f\000i\000c\000a\000t\000i\000o\000n}{section.151}% 103
\BOOKMARK [1][-]{section.158}{\376\377\000A\000.\0003\000\040\000S\000p\000a\000t\000i\000a\000l\000\040\000C\000o\000m\000p\000l\000e\000x\000i\000t\000y}{appendix.146}% 104
\BOOKMARK [2][-]{subsection.159}{\376\377\000A\000.\0003\000.\0001\000\040\000S\000y\000m\000m\000e\000t\000r\000y\000\040\000o\000f\000\040\000A\000V\000A\000\040\000m\000u\000l\000t\000i\000c\000l\000a\000s\000s\000\040\000c\000l\000a\000s\000s\000i\000f\000i\000e\000r}{section.158}% 105
\BOOKMARK [2][-]{subsection.160}{\376\377\000A\000.\0003\000.\0002\000\040\000C\000r\000e\000a\000t\000i\000n\000g\000\040\000p\000r\000e\000d\000i\000c\000t\000o\000r\000\040\000o\000b\000j\000e\000c\000t\000s\000\040\000t\000o\000\040\000m\000o\000d\000u\000l\000a\000r\000i\000s\000e\000\040\000p\000r\000e\000d\000i\000c\000t\000i\000o\000n}{section.158}% 106
\BOOKMARK [1][-]{section.161}{\376\377\000A\000.\0004\000\040\000T\000i\000m\000e\000\040\000\046\000\040\000S\000p\000a\000t\000i\000a\000l\000\040\000C\000o\000m\000p\000l\000e\000x\000i\000t\000y}{appendix.146}% 107
\BOOKMARK [2][-]{subsection.162}{\376\377\000A\000.\0004\000.\0001\000\040\000A\000v\000o\000i\000d\000i\000n\000g\000\040\000f\000u\000l\000l\000\040\000c\000o\000v\000a\000r\000i\000a\000n\000c\000e\000\040\000c\000o\000m\000p\000u\000t\000a\000t\000i\000o\000n\000s}{section.161}% 108
\BOOKMARK [2][-]{subsection.163}{\376\377\000A\000.\0004\000.\0002\000\040\000T\000a\000k\000i\000n\000g\000\040\000a\000d\000v\000a\000n\000t\000a\000g\000e\000\040\000o\000f\000\040\000d\000i\000a\000g\000o\000n\000a\000l\000\040\000l\000o\000g\000-\000l\000i\000k\000e\000l\000i\000h\000o\000o\000d\000\040\000H\000e\000s\000s\000i\000a\000n\000s}{section.161}% 109
\BOOKMARK [0][-]{appendix.164}{\376\377\000B\000\040\000O\000t\000h\000e\000r\000\040\000A\000p\000p\000r\000o\000x\000i\000m\000a\000t\000i\000o\000n\000s\000\040\000f\000o\000r\000\040\000G\000a\000u\000s\000s\000i\000a\000n\000\040\000P\000r\000o\000c\000e\000s\000s\000\040\000C\000l\000a\000s\000s\000i\000f\000i\000c\000a\000t\000i\000o\000n}{}% 110
\BOOKMARK [1][-]{section.165}{\376\377\000B\000.\0001\000\040\000E\000x\000p\000e\000c\000t\000a\000t\000i\000o\000n\000\040\000P\000r\000o\000p\000a\000g\000a\000t\000i\000o\000n}{appendix.164}% 111
\BOOKMARK [1][-]{section.166}{\376\377\000B\000.\0002\000\040\000V\000a\000r\000i\000a\000t\000i\000o\000n\000a\000l\000\040\000I\000n\000f\000e\000r\000e\000n\000c\000e}{appendix.164}% 112
\BOOKMARK [0][-]{dummy.167}{\376\377\000B\000i\000b\000l\000i\000o\000g\000r\000a\000p\000h\000y}{}% 113
